<?xml version="1.0" encoding="UTF-8"?>
<!-- Generated by org.testng.reporters.JUnitXMLReporter -->
<testsuite ignored="2" hostname="DESKTOP-I75RT8S" failures="1" tests="1" name="Default test" time="0.659" errors="0" timestamp="2023-09-19T21:10:27 IST">
  <testcase classname="trello.Simplebooksdatadriven" name="datadriven" time="0.576">
    <failure type="org.apache.poi.ooxml.POIXMLException" message="Strict OOXML isn&amp;apos;t currently supported, please see bug #57699">
      <![CDATA[org.apache.poi.ooxml.POIXMLException: Strict OOXML isn't currently supported, please see bug #57699
at org.apache.poi.ooxml.POIXMLDocumentPart.getPartFromOPCPackage(POIXMLDocumentPart.java:757)
at org.apache.poi.ooxml.POIXMLDocumentPart.<init>(POIXMLDocumentPart.java:151)
at org.apache.poi.ooxml.POIXMLDocumentPart.<init>(POIXMLDocumentPart.java:141)
at org.apache.poi.ooxml.POIXMLDocument.<init>(POIXMLDocument.java:60)
at org.apache.poi.xssf.usermodel.XSSFWorkbook.<init>(XSSFWorkbook.java:254)
at org.apache.poi.xssf.usermodel.XSSFWorkbook.<init>(XSSFWorkbook.java:290)
at org.apache.poi.xssf.usermodel.XSSFWorkbook.<init>(XSSFWorkbook.java:286)
at trello.Simplebooksdatadriven.datadriven(Simplebooksdatadriven.java:33)
at java.base/jdk.internal.reflect.DirectMethodHandleAccessor.invoke(DirectMethodHandleAccessor.java:104)
at java.base/java.lang.reflect.Method.invoke(Method.java:578)
at org.testng.internal.invokers.MethodInvocationHelper.invokeMethod(MethodInvocationHelper.java:139)
at org.testng.internal.invokers.TestInvoker.invokeMethod(TestInvoker.java:664)
at org.testng.internal.invokers.TestInvoker.invokeTestMethod(TestInvoker.java:227)
at org.testng.internal.invokers.MethodRunner.runInSequence(MethodRunner.java:50)
at org.testng.internal.invokers.TestInvoker$MethodInvocationAgent.invoke(TestInvoker.java:957)
at org.testng.internal.invokers.TestInvoker.invokeTestMethods(TestInvoker.java:200)
at org.testng.internal.invokers.TestMethodWorker.invokeTestMethods(TestMethodWorker.java:148)
at org.testng.internal.invokers.TestMethodWorker.run(TestMethodWorker.java:128)
at java.base/java.util.ArrayList.forEach(ArrayList.java:1511)
at org.testng.TestRunner.privateRun(TestRunner.java:848)
at org.testng.TestRunner.run(TestRunner.java:621)
at org.testng.SuiteRunner.runTest(SuiteRunner.java:443)
at org.testng.SuiteRunner.runSequentially(SuiteRunner.java:437)
at org.testng.SuiteRunner.privateRun(SuiteRunner.java:397)
at org.testng.SuiteRunner.run(SuiteRunner.java:336)
at org.testng.SuiteRunnerWorker.runSuite(SuiteRunnerWorker.java:52)
at org.testng.SuiteRunnerWorker.run(SuiteRunnerWorker.java:95)
at org.testng.TestNG.runSuitesSequentially(TestNG.java:1280)
at org.testng.TestNG.runSuitesLocally(TestNG.java:1200)
at org.testng.TestNG.runSuites(TestNG.java:1114)
at org.testng.TestNG.run(TestNG.java:1082)
at org.testng.remote.AbstractRemoteTestNG.run(AbstractRemoteTestNG.java:115)
at org.testng.remote.RemoteTestNG.initAndRun(RemoteTestNG.java:251)
at org.testng.remote.RemoteTestNG.main(RemoteTestNG.java:77)
]]>
    </failure>
  </testcase> <!-- datadriven -->
  <testcase classname="trello.Simplebooksdatadriven" name="create_an_order" time="0.0">
    <ignored/>
  </testcase> <!-- create_an_order -->
  <testcase classname="trello.Simplebooksdatadriven" name="Authentication" time="0.0">
    <ignored/>
  </testcase> <!-- Authentication -->
</testsuite> <!-- Default test -->
